20231028	20:10:37	517ba516-541b-46e7-9b9c-73a0eeab3119	OPTIONS	/extract-text	http://localhost:3000
20231028	20:10:37	72b5a8b6-5f47-49e8-ab5b-353b7a96363f	POST	/extract-text	http://localhost:3000
20231028	20:10:58	4669ed74-ad27-4376-88b6-2705af081106	OPTIONS	/extract-text	http://localhost:3000
20231028	20:10:58	5c21cb8e-6123-46a7-bab1-71bd4c9af650	POST	/extract-text	http://localhost:3000
20231028	20:11:28	e3db53c8-d699-40ae-b794-f5c8d8138d69	OPTIONS	/extract-text	http://localhost:3000
20231028	20:11:28	2256132d-ebb7-4202-9529-f98d053e2683	POST	/extract-text	http://localhost:3000
20231028	20:12:19	b11d18b7-1563-4504-9c8e-60a2c8393b39	OPTIONS	/extract-text	http://localhost:3000
20231028	20:12:19	98c15cfa-9f49-49f7-a573-a4240b8fa844	POST	/extract-text	http://localhost:3000
20231028	20:12:21	76dcf670-9053-4d90-9f2b-757996a22f24	POST	/extract-text	http://localhost:3000
20231028	20:12:22	3202d88b-8803-422b-9368-e1106ec8c2d2	POST	/extract-text	http://localhost:3000
20231028	20:12:32	94c36a64-588b-4399-b38e-26df7d40eda7	OPTIONS	/extract-text	http://localhost:3000
20231028	20:12:32	81ca67d9-0ded-4ae3-b163-09e5332269a1	POST	/extract-text	http://localhost:3000
20231028	20:12:43	cd12a93c-e415-485f-b143-0a860f274505	OPTIONS	/extract-text	http://localhost:3000
20231028	20:12:43	21fe81ce-5075-42f1-9428-63bf27d3d222	POST	/extract-text	http://localhost:3000
20231028	20:13:18	dc6d45d8-61b8-448f-b0be-4fc8469332bd	OPTIONS	/extract-text	http://localhost:3000
20231028	20:13:18	c3e8fba8-7019-4d95-bfea-62d37d2a6b43	POST	/extract-text	http://localhost:3000
20231028	20:13:18	2f22be17-fe6c-42b4-9e44-f95122f07b22	POST	/extract-text	http://localhost:3000
20231028	20:13:27	72522c5c-f43e-41d7-ae2d-0f35c1f3eda9	OPTIONS	/extract-text	http://localhost:3000
20231028	20:13:27	dbfd1f11-7994-4464-996e-8fad040b1b4f	POST	/extract-text	http://localhost:3000
20231028	20:14:16	93e78d5c-5bd8-4f4c-bf04-9c0a00c07bd5	OPTIONS	/extract-text	http://localhost:3000
20231028	20:14:16	63498703-b95e-41fe-8c6e-5b076158db73	POST	/extract-text	http://localhost:3000
20231028	20:15:08	ed5ad824-5de2-4c30-8cbc-ab6a11f3ff5b	OPTIONS	/extract-text	http://localhost:3000
20231028	20:15:08	1c6fb0b2-9786-4f23-9f0c-97308e366ca9	POST	/extract-text	http://localhost:3000
20231028	20:15:12	78f23d7f-536c-4aeb-8d64-fe8d2ea274e0	POST	/extract-text	http://localhost:3000
20231028	20:15:41	abe73a4a-2c3d-4873-831f-77ba1ca1f348	OPTIONS	/extract-text	http://localhost:3000
20231028	20:15:41	f9c00f23-26ac-4d80-9f70-bf9fba2425ae	POST	/extract-text	http://localhost:3000
20231028	20:16:27	e76cdae5-4b20-47c4-9d71-f545b13246f3	POST	/extract-text	http://localhost:3000
20231028	20:16:28	63a66a5d-2092-411a-8bfa-77518a68375b	POST	/extract-text	http://localhost:3000
20231028	20:18:29	d77658d5-ab1b-45d1-8aab-35a41fb1659c	POST	/extract-text	http://localhost:3000
20231028	20:20:01	4d76a535-b9b0-4998-b196-6b62d866b26a	POST	/extract-text	http://localhost:3000
20231028	20:26:36	037a5e95-d313-4d4f-a5dc-7fbca637f6d1	POST	/extract-text	http://localhost:3000
20231028	20:26:56	5840a320-3c4e-4abe-8fce-ef0d69e09d80	POST	/extract-text	http://localhost:3000
20231028	20:27:00	fbf4f7d4-1109-404b-9926-49afc0ff6811	POST	/extract-text	http://localhost:3000
20231028	20:27:34	dffd8f0e-1350-4e12-832a-d36620132bdb	POST	/extract-text	http://localhost:3000
20231028	20:27:42	b0df94cf-a8b3-4009-8278-8547b6cd64bc	POST	/extract-text	http://localhost:3000
20231028	20:28:03	d9b3dacd-65cf-4679-95d2-4da3c51864e2	POST	/extract-text	http://localhost:3000
20231028	20:31:46	651a1ca1-a524-4745-9473-819c8a04e97a	POST	/extract-text	http://localhost:3000
20231028	20:31:59	54b78725-b2fb-47f3-9fc2-e35ea3fca523	POST	/extract-text	http://localhost:3000
20231028	20:33:12	c82597f3-a483-457f-b40c-9e60b67f7a0b	POST	/extract-text	http://localhost:3000
20231028	20:33:25	76fab6e7-e81c-4d76-91cc-8cb7294e1501	POST	/extract-text	http://localhost:3000
20231029	21:13:46	25845b57-0f3c-4431-b55b-dbb80c49ab6a	POST	/extract-text	http://localhost:3000
20231029	21:14:12	eb7e5e66-e30d-4146-b48e-07c42f4def84	POST	/extract-text	http://localhost:3000
20231029	21:22:57	dafbe26c-ea51-426d-9a9a-0c874c20d8e4	OPTIONS	/extract-text	http://localhost:3000
20231029	21:22:57	b71ba4b4-7e4e-4747-8ab4-9c43153d27b1	POST	/extract-text	http://localhost:3000
20231029	21:23:44	80719632-41a3-42ca-9bd7-838cacbae2eb	OPTIONS	/extract-text	http://localhost:3000
20231029	21:23:44	60de13ce-5b3b-48bc-a81b-8ef52ed5b02a	POST	/extract-text	http://localhost:3000
20231029	21:24:56	547c9f26-2bdc-4e0b-ac6f-f1ae9c5331d7	OPTIONS	/extract-text	http://localhost:3000
20231029	21:24:56	2be0f948-3c8d-4e91-959c-3c449178093b	POST	/extract-text	http://localhost:3000
20231029	21:25:18	b474ff5b-2897-421b-8388-028aa7d2468b	OPTIONS	/extract-text	http://localhost:3000
20231029	21:25:18	59cf1288-19ca-4bf1-bf41-4684e9475bd7	POST	/extract-text	http://localhost:3000
20231029	21:25:22	79c90ddc-f7ef-49e5-b1ed-5879271e432a	POST	/extract-text	http://localhost:3000
20231029	21:25:39	fd1e2293-4143-4b60-ab1e-65cb6e5ea989	OPTIONS	/extract-text	http://localhost:3000
20231029	21:25:39	2829f24d-e1ce-4b2a-b539-15c5322ba366	POST	/extract-text	http://localhost:3000
20231029	21:25:46	9e26f51d-766c-46c6-a76d-8edab21f1d18	OPTIONS	/extract-text	http://localhost:3000
20231029	21:25:46	fdc47f9c-958d-4895-9cea-aa5040685a83	POST	/extract-text	http://localhost:3000
20231029	21:25:56	a81c4329-d73b-4a42-90e0-877da19fab66	OPTIONS	/extract-text	http://localhost:3000
20231029	21:25:56	5eaa05d6-174b-407c-bb15-8917e062eb19	POST	/extract-text	http://localhost:3000
20231029	21:26:25	99c260e4-7f80-4cce-a8c0-d55e9fc6b92a	OPTIONS	/extract-text	http://localhost:3000
20231029	21:26:25	59432023-7663-425c-b831-b63f1d6cab25	POST	/extract-text	http://localhost:3000
20231029	21:26:28	2eeaf4a9-1d44-458f-b6fa-51b5c0f2a91a	POST	/extract-text	http://localhost:3000
20231029	21:26:33	9d546d75-2080-470f-9f87-1a4dd8a31b3e	OPTIONS	/extract-text	http://localhost:3000
20231029	21:26:33	5f848e42-8322-4ea9-82d7-c6104e1a4fe0	POST	/extract-text	http://localhost:3000
20231029	21:26:36	1b3c2ede-1a24-419b-befc-5f13e27aa752	POST	/extract-text	http://localhost:3000
20231029	21:26:38	a973ba57-4a79-41ef-ab45-3f17f7c23948	OPTIONS	/extract-text	http://localhost:3000
20231029	21:26:38	c9b07a25-c1a2-4bbc-a9d8-4f70f1cb11de	POST	/extract-text	http://localhost:3000
20231029	21:26:45	93826e48-c000-4b2d-a058-10dd7c6f531f	OPTIONS	/extract-text	http://localhost:3000
20231029	21:26:45	39ab7fa5-ccf6-483c-9a40-ea436815400a	POST	/extract-text	http://localhost:3000
20231029	21:27:15	483e3e6d-0169-4319-8498-a47d4c31f4b4	OPTIONS	/extract-text	http://localhost:3000
20231029	21:27:15	5c52cf79-c20f-4d35-bbd8-0ef8349be1b8	POST	/extract-text	http://localhost:3000
20231029	21:27:21	f728d60c-8813-464d-9aef-a0c6e964ca66	OPTIONS	/extract-text	http://localhost:3000
20231029	21:27:21	08ee08fa-5737-4d40-a59d-cb090103eae7	POST	/extract-text	http://localhost:3000
20231029	22:02:38	5c2034d6-84cc-44a5-be92-f9be9e8719bf	OPTIONS	/extract-text	http://localhost:3000
20231029	22:02:38	b16f411b-5078-42e0-b7d1-505772899029	POST	/extract-text	http://localhost:3000
20231029	22:02:46	2579debf-cdcd-47ae-8533-17871ffdf273	OPTIONS	/extract-text	http://localhost:3000
20231029	22:02:46	f24ce576-f5c5-45c9-948e-3eae77f1acc5	POST	/extract-text	http://localhost:3000
20231029	22:34:20	a58fb988-44b3-45e4-82f4-27cb10a763b7	OPTIONS	/extract-text	http://localhost:3000
20231029	22:34:20	d7a6477a-1713-4fdb-bb16-00363868585b	POST	/extract-text	http://localhost:3000
20231029	22:37:25	64fbfdd0-7c70-4363-92f4-cadcd102154e	OPTIONS	/extract-text	http://localhost:3000
20231029	22:37:25	d9dea49b-d882-406b-8f1b-cd94a7994559	POST	/extract-text	http://localhost:3000
20231029	22:52:34	1e002e97-4fa3-4cd6-a152-14da87fbabc7	OPTIONS	/extract-text	http://localhost:3000
20231029	22:52:34	02ee6bb0-bc06-4835-8ab6-41914b8986b9	POST	/extract-text	http://localhost:3000
20231029	22:52:40	eaef02c2-e6d4-486f-9f50-2550f63e01ee	OPTIONS	/extract-text	http://localhost:3000
20231029	22:52:40	db4d08ba-9d3f-4533-a3b1-a647e8436b9e	POST	/extract-text	http://localhost:3000
20231029	22:52:59	260af757-c50e-43fd-bd18-3b71aa4bca7e	OPTIONS	/extract-text	http://localhost:3000
20231029	22:52:59	f96a75a8-5281-47d2-9b55-eab976b749fa	POST	/extract-text	http://localhost:3000
20231029	22:53:08	8b2f3cad-4f8b-4359-a3c5-1b78002ddf52	OPTIONS	/extract-text	http://localhost:3000
20231029	22:53:08	9a3bb010-0e87-4173-a457-e47122998f22	POST	/extract-text	http://localhost:3000
20231029	22:53:09	c913f961-b274-4eac-947d-e457a7961422	POST	/extract-text	http://localhost:3000
20231029	22:53:11	4baa8663-f6fb-4796-bf85-c9a2df16b1f4	POST	/extract-text	http://localhost:3000
20231029	23:01:30	369d5143-7120-43ec-adcc-a52bdb893a51	OPTIONS	/extract-text	http://localhost:3000
20231029	23:01:30	f9f2efed-e2e8-4059-af34-71f32bf8255b	POST	/extract-text	http://localhost:3000
20231029	23:02:35	33a9a03b-e1d9-4f3a-be7c-bae9319616dc	OPTIONS	/extract-text	http://localhost:3000
20231029	23:02:35	3f644783-a5e2-4bdd-a40c-9f8564b038a9	POST	/extract-text	http://localhost:3000
20231029	23:02:49	2ec8680c-7e28-47c3-82bb-579bdc7d0d49	OPTIONS	/extract-text	http://localhost:3000
20231029	23:02:49	d64b297e-cb71-4acc-baaa-0123b0e1829f	POST	/extract-text	http://localhost:3000
20231029	23:03:08	9d84c281-3ce9-4132-8237-f41a00ad0e63	OPTIONS	/extract-text	http://localhost:3000
20231029	23:03:08	42ae1187-f85d-48d4-9cdc-11dfd222bf5c	POST	/extract-text	http://localhost:3000
20231029	23:03:34	24a8fa92-ccbe-4f0a-9309-8c4adbcd21a4	OPTIONS	/extract-text	http://localhost:3000
20231029	23:03:34	1be8fa38-fddc-44e7-8490-825e1b2853a5	POST	/extract-text	http://localhost:3000
20231029	23:03:48	316dbca1-eb02-4c5b-8f81-5cf14ffb1cd5	OPTIONS	/extract-text	http://localhost:3000
20231029	23:03:48	6e3fc023-27be-4d56-bffb-a247880b5f64	POST	/extract-text	http://localhost:3000
20231029	23:04:20	d0ea05cd-9f9f-4b92-9a1e-6739d828dc77	OPTIONS	/extract-text	http://localhost:3000
20231029	23:04:20	c6b4d17b-4dd7-4445-a1d6-58fbbc072d6f	POST	/extract-text	http://localhost:3000
20231029	23:09:33	90bbfa7c-c6f5-48c8-9067-9a67b1d2298a	OPTIONS	/extract-text	http://localhost:3000
20231029	23:09:33	f9895c7f-939f-44ad-ad76-1f6a2f3ce83e	POST	/extract-text	http://localhost:3000
20231029	23:15:08	e3038d37-841c-4a32-b3fb-27291f2f8d43	POST	/extract-text	http://localhost:3000
20231029	23:18:51	d656d53e-dd24-4815-be59-cc9eba9f148a	POST	/extract-text	http://localhost:3000
20231104	12:55:12	69c74b18-2740-46a2-8183-5d0729264b3b	POST	/extract-text	http://localhost:3000
